mode: set
assignments-cj-zhang/servers/gateway/handlers/summary.go:44.61,49.19 4 1
assignments-cj-zhang/servers/gateway/handlers/summary.go:53.2,54.16 2 1
assignments-cj-zhang/servers/gateway/handlers/summary.go:59.2,62.16 4 1
assignments-cj-zhang/servers/gateway/handlers/summary.go:66.2,66.26 1 1
assignments-cj-zhang/servers/gateway/handlers/summary.go:49.19,52.3 2 0
assignments-cj-zhang/servers/gateway/handlers/summary.go:54.16,57.3 2 0
assignments-cj-zhang/servers/gateway/handlers/summary.go:62.16,64.3 1 0
assignments-cj-zhang/servers/gateway/handlers/summary.go:72.55,74.32 2 1
assignments-cj-zhang/servers/gateway/handlers/summary.go:81.2,81.27 1 1
assignments-cj-zhang/servers/gateway/handlers/summary.go:74.32,76.3 1 1
assignments-cj-zhang/servers/gateway/handlers/summary.go:76.8,76.81 1 1
assignments-cj-zhang/servers/gateway/handlers/summary.go:76.81,78.3 1 1
assignments-cj-zhang/servers/gateway/handlers/summary.go:86.85,91.6 5 1
assignments-cj-zhang/servers/gateway/handlers/summary.go:223.2,223.29 1 1
assignments-cj-zhang/servers/gateway/handlers/summary.go:226.2,226.20 1 1
assignments-cj-zhang/servers/gateway/handlers/summary.go:91.6,96.35 3 1
assignments-cj-zhang/servers/gateway/handlers/summary.go:109.3,109.50 1 1
assignments-cj-zhang/servers/gateway/handlers/summary.go:96.35,98.21 2 1
assignments-cj-zhang/servers/gateway/handlers/summary.go:101.4,101.60 1 0
assignments-cj-zhang/servers/gateway/handlers/summary.go:98.21,99.10 1 1
assignments-cj-zhang/servers/gateway/handlers/summary.go:102.9,102.67 1 1
assignments-cj-zhang/servers/gateway/handlers/summary.go:102.67,104.9 1 1
assignments-cj-zhang/servers/gateway/handlers/summary.go:109.50,111.35 2 1
assignments-cj-zhang/servers/gateway/handlers/summary.go:111.35,113.5 1 1
assignments-cj-zhang/servers/gateway/handlers/summary.go:114.9,114.58 1 1
assignments-cj-zhang/servers/gateway/handlers/summary.go:114.58,115.80 1 1
assignments-cj-zhang/servers/gateway/handlers/summary.go:115.80,120.37 3 1
assignments-cj-zhang/servers/gateway/handlers/summary.go:129.5,129.12 1 1
assignments-cj-zhang/servers/gateway/handlers/summary.go:120.37,121.75 1 1
assignments-cj-zhang/servers/gateway/handlers/summary.go:121.75,123.7 1 1
assignments-cj-zhang/servers/gateway/handlers/summary.go:123.12,123.60 1 1
assignments-cj-zhang/servers/gateway/handlers/summary.go:123.60,125.7 1 1
assignments-cj-zhang/servers/gateway/handlers/summary.go:130.32,131.27 1 1
assignments-cj-zhang/servers/gateway/handlers/summary.go:132.37,133.27 1 0
assignments-cj-zhang/servers/gateway/handlers/summary.go:136.31,137.26 1 1
assignments-cj-zhang/servers/gateway/handlers/summary.go:138.33,139.28 1 1
assignments-cj-zhang/servers/gateway/handlers/summary.go:140.38,141.28 1 0
assignments-cj-zhang/servers/gateway/handlers/summary.go:144.37,145.31 1 1
assignments-cj-zhang/servers/gateway/handlers/summary.go:146.39,147.34 1 1
assignments-cj-zhang/servers/gateway/handlers/summary.go:148.44,149.34 1 0
assignments-cj-zhang/servers/gateway/handlers/summary.go:152.36,153.34 1 1
assignments-cj-zhang/servers/gateway/handlers/summary.go:156.58,157.29 1 1
assignments-cj-zhang/servers/gateway/handlers/summary.go:158.33,160.30 2 1
assignments-cj-zhang/servers/gateway/handlers/summary.go:163.6,163.32 1 1
assignments-cj-zhang/servers/gateway/handlers/summary.go:164.29,166.38 2 1
assignments-cj-zhang/servers/gateway/handlers/summary.go:181.6,184.27 4 1
assignments-cj-zhang/servers/gateway/handlers/summary.go:185.33,195.52 5 1
assignments-cj-zhang/servers/gateway/handlers/summary.go:196.38,206.52 5 0
assignments-cj-zhang/servers/gateway/handlers/summary.go:207.44,208.61 1 1
assignments-cj-zhang/servers/gateway/handlers/summary.go:209.38,210.56 1 1
assignments-cj-zhang/servers/gateway/handlers/summary.go:211.39,212.74 1 1
assignments-cj-zhang/servers/gateway/handlers/summary.go:213.40,214.75 1 1
assignments-cj-zhang/servers/gateway/handlers/summary.go:215.37,216.55 1 1
assignments-cj-zhang/servers/gateway/handlers/summary.go:133.27,135.7 1 0
assignments-cj-zhang/servers/gateway/handlers/summary.go:141.28,143.7 1 0
assignments-cj-zhang/servers/gateway/handlers/summary.go:149.34,151.7 1 0
assignments-cj-zhang/servers/gateway/handlers/summary.go:153.34,155.7 1 1
assignments-cj-zhang/servers/gateway/handlers/summary.go:160.30,162.7 1 1
assignments-cj-zhang/servers/gateway/handlers/summary.go:166.38,167.69 1 1
assignments-cj-zhang/servers/gateway/handlers/summary.go:167.69,170.22 3 1
assignments-cj-zhang/servers/gateway/handlers/summary.go:173.8,174.22 2 1
assignments-cj-zhang/servers/gateway/handlers/summary.go:170.22,172.9 1 1
assignments-cj-zhang/servers/gateway/handlers/summary.go:174.22,176.9 1 1
assignments-cj-zhang/servers/gateway/handlers/summary.go:177.13,177.36 1 1
assignments-cj-zhang/servers/gateway/handlers/summary.go:177.36,179.8 1 1
assignments-cj-zhang/servers/gateway/handlers/summary.go:223.29,225.3 1 1
assignments-cj-zhang/servers/gateway/handlers/MyMockStore.go:14.85,16.2 1 0
assignments-cj-zhang/servers/gateway/handlers/MyMockStore.go:19.63,21.13 1 1
assignments-cj-zhang/servers/gateway/handlers/MyMockStore.go:24.2,34.18 2 1
assignments-cj-zhang/servers/gateway/handlers/MyMockStore.go:21.13,23.3 1 0
assignments-cj-zhang/servers/gateway/handlers/MyMockStore.go:38.70,40.20 1 1
assignments-cj-zhang/servers/gateway/handlers/MyMockStore.go:43.2,53.18 2 1
assignments-cj-zhang/servers/gateway/handlers/MyMockStore.go:40.20,42.3 1 0
assignments-cj-zhang/servers/gateway/handlers/MyMockStore.go:57.76,59.23 1 0
assignments-cj-zhang/servers/gateway/handlers/MyMockStore.go:62.2,72.18 2 0
assignments-cj-zhang/servers/gateway/handlers/MyMockStore.go:59.23,61.3 1 0
assignments-cj-zhang/servers/gateway/handlers/MyMockStore.go:76.70,77.31 1 1
assignments-cj-zhang/servers/gateway/handlers/MyMockStore.go:83.2,83.18 1 1
assignments-cj-zhang/servers/gateway/handlers/MyMockStore.go:77.31,79.3 1 0
assignments-cj-zhang/servers/gateway/handlers/MyMockStore.go:87.86,89.13 1 0
assignments-cj-zhang/servers/gateway/handlers/MyMockStore.go:92.2,106.18 4 0
assignments-cj-zhang/servers/gateway/handlers/MyMockStore.go:89.13,91.3 1 0
assignments-cj-zhang/servers/gateway/handlers/MyMockStore.go:110.47,111.13 1 0
assignments-cj-zhang/servers/gateway/handlers/MyMockStore.go:117.2,117.12 1 0
assignments-cj-zhang/servers/gateway/handlers/MyMockStore.go:111.13,113.3 1 0
assignments-cj-zhang/servers/gateway/handlers/auth.go:18.81,19.24 1 1
assignments-cj-zhang/servers/gateway/handlers/auth.go:19.24,20.69 1 1
assignments-cj-zhang/servers/gateway/handlers/auth.go:26.3,29.17 4 1
assignments-cj-zhang/servers/gateway/handlers/auth.go:33.3,34.17 2 1
assignments-cj-zhang/servers/gateway/handlers/auth.go:38.3,39.17 2 1
assignments-cj-zhang/servers/gateway/handlers/auth.go:45.3,50.17 3 1
assignments-cj-zhang/servers/gateway/handlers/auth.go:57.3,57.35 1 1
assignments-cj-zhang/servers/gateway/handlers/auth.go:20.69,23.4 2 1
assignments-cj-zhang/servers/gateway/handlers/auth.go:29.17,32.4 2 1
assignments-cj-zhang/servers/gateway/handlers/auth.go:34.17,37.4 2 1
assignments-cj-zhang/servers/gateway/handlers/auth.go:39.17,42.4 2 0
assignments-cj-zhang/servers/gateway/handlers/auth.go:50.17,53.4 2 0
assignments-cj-zhang/servers/gateway/handlers/auth.go:58.8,61.3 2 1
assignments-cj-zhang/servers/gateway/handlers/auth.go:66.88,73.58 4 1
assignments-cj-zhang/servers/gateway/handlers/auth.go:78.2,80.23 2 1
assignments-cj-zhang/servers/gateway/handlers/auth.go:73.58,75.3 1 1
assignments-cj-zhang/servers/gateway/handlers/auth.go:80.23,82.3 1 1
assignments-cj-zhang/servers/gateway/handlers/auth.go:82.8,82.32 1 1
assignments-cj-zhang/servers/gateway/handlers/auth.go:82.32,85.20 2 1
assignments-cj-zhang/servers/gateway/handlers/auth.go:89.3,89.75 1 1
assignments-cj-zhang/servers/gateway/handlers/auth.go:93.3,95.17 3 1
assignments-cj-zhang/servers/gateway/handlers/auth.go:99.3,100.17 2 1
assignments-cj-zhang/servers/gateway/handlers/auth.go:104.3,104.30 1 1
assignments-cj-zhang/servers/gateway/handlers/auth.go:85.20,88.4 2 1
assignments-cj-zhang/servers/gateway/handlers/auth.go:89.75,92.4 2 1
assignments-cj-zhang/servers/gateway/handlers/auth.go:95.17,98.4 2 0
assignments-cj-zhang/servers/gateway/handlers/auth.go:100.17,103.4 2 0
assignments-cj-zhang/servers/gateway/handlers/auth.go:105.8,108.3 2 1
assignments-cj-zhang/servers/gateway/handlers/auth.go:111.109,113.20 2 1
assignments-cj-zhang/servers/gateway/handlers/auth.go:136.2,136.15 1 1
assignments-cj-zhang/servers/gateway/handlers/auth.go:113.20,117.3 3 1
assignments-cj-zhang/servers/gateway/handlers/auth.go:117.8,119.17 2 1
assignments-cj-zhang/servers/gateway/handlers/auth.go:123.3,124.17 2 1
assignments-cj-zhang/servers/gateway/handlers/auth.go:128.3,129.17 2 1
assignments-cj-zhang/servers/gateway/handlers/auth.go:134.3,134.13 1 1
assignments-cj-zhang/servers/gateway/handlers/auth.go:119.17,122.4 2 0
assignments-cj-zhang/servers/gateway/handlers/auth.go:124.17,127.4 2 0
assignments-cj-zhang/servers/gateway/handlers/auth.go:129.17,132.4 2 0
assignments-cj-zhang/servers/gateway/handlers/auth.go:139.67,143.2 3 1
assignments-cj-zhang/servers/gateway/handlers/auth.go:147.84,148.24 1 1
assignments-cj-zhang/servers/gateway/handlers/auth.go:148.24,149.69 1 1
assignments-cj-zhang/servers/gateway/handlers/auth.go:153.3,155.17 3 1
assignments-cj-zhang/servers/gateway/handlers/auth.go:159.3,160.17 2 1
assignments-cj-zhang/servers/gateway/handlers/auth.go:168.3,174.35 4 0
assignments-cj-zhang/servers/gateway/handlers/auth.go:149.69,152.4 2 1
assignments-cj-zhang/servers/gateway/handlers/auth.go:155.17,158.4 2 0
assignments-cj-zhang/servers/gateway/handlers/auth.go:160.17,164.4 3 0
assignments-cj-zhang/servers/gateway/handlers/auth.go:164.9,164.62 1 1
assignments-cj-zhang/servers/gateway/handlers/auth.go:164.62,167.4 2 1
assignments-cj-zhang/servers/gateway/handlers/auth.go:175.8,178.3 2 1
assignments-cj-zhang/servers/gateway/handlers/auth.go:183.91,184.26 1 1
assignments-cj-zhang/servers/gateway/handlers/auth.go:184.26,185.38 1 1
assignments-cj-zhang/servers/gateway/handlers/auth.go:189.3,190.17 2 1
assignments-cj-zhang/servers/gateway/handlers/auth.go:194.3,194.32 1 0
assignments-cj-zhang/servers/gateway/handlers/auth.go:185.38,188.4 2 1
assignments-cj-zhang/servers/gateway/handlers/auth.go:190.17,193.4 2 1
assignments-cj-zhang/servers/gateway/handlers/auth.go:195.8,198.3 2 1
assignments-cj-zhang/servers/gateway/handlers/cors.go:21.76,22.36 1 1
assignments-cj-zhang/servers/gateway/handlers/cors.go:29.2,29.27 1 1
assignments-cj-zhang/servers/gateway/handlers/cors.go:22.36,28.3 5 1
