mode: set
assignments-cj-zhang/servers/gateway/indexes/trie.go:26.30,34.2 1 1
assignments-cj-zhang/servers/gateway/indexes/trie.go:37.22,39.2 1 1
assignments-cj-zhang/servers/gateway/indexes/trie.go:42.48,47.30 4 1
assignments-cj-zhang/servers/gateway/indexes/trie.go:59.2,59.35 1 1
assignments-cj-zhang/servers/gateway/indexes/trie.go:63.2,64.13 2 1
assignments-cj-zhang/servers/gateway/indexes/trie.go:47.30,49.49 1 1
assignments-cj-zhang/servers/gateway/indexes/trie.go:55.3,55.32 1 1
assignments-cj-zhang/servers/gateway/indexes/trie.go:49.49,54.4 4 1
assignments-cj-zhang/servers/gateway/indexes/trie.go:59.35,61.3 1 1
assignments-cj-zhang/servers/gateway/indexes/trie.go:68.66,70.33 2 1
assignments-cj-zhang/servers/gateway/indexes/trie.go:73.2,75.15 3 1
assignments-cj-zhang/servers/gateway/indexes/trie.go:70.33,72.3 1 1
assignments-cj-zhang/servers/gateway/indexes/trie.go:79.38,82.19 3 1
assignments-cj-zhang/servers/gateway/indexes/trie.go:86.2,86.13 1 1
assignments-cj-zhang/servers/gateway/indexes/trie.go:82.19,85.3 2 1
assignments-cj-zhang/servers/gateway/indexes/trie.go:89.65,90.21 1 1
assignments-cj-zhang/servers/gateway/indexes/trie.go:109.2,109.15 1 1
assignments-cj-zhang/servers/gateway/indexes/trie.go:90.21,92.34 2 1
assignments-cj-zhang/servers/gateway/indexes/trie.go:98.3,99.32 2 1
assignments-cj-zhang/servers/gateway/indexes/trie.go:102.3,102.48 1 1
assignments-cj-zhang/servers/gateway/indexes/trie.go:105.3,105.39 1 1
assignments-cj-zhang/servers/gateway/indexes/trie.go:92.34,94.24 2 1
assignments-cj-zhang/servers/gateway/indexes/trie.go:94.24,95.10 1 1
assignments-cj-zhang/servers/gateway/indexes/trie.go:99.32,101.4 1 1
assignments-cj-zhang/servers/gateway/indexes/trie.go:102.48,104.4 1 1
assignments-cj-zhang/servers/gateway/indexes/trie.go:105.39,107.4 1 1
assignments-cj-zhang/servers/gateway/indexes/trie.go:113.46,119.2 3 1
assignments-cj-zhang/servers/gateway/indexes/trie.go:121.95,122.33 1 1
assignments-cj-zhang/servers/gateway/indexes/trie.go:122.33,125.3 2 1
assignments-cj-zhang/servers/gateway/indexes/trie.go:125.8,125.61 1 1
assignments-cj-zhang/servers/gateway/indexes/trie.go:125.61,130.3 4 0
assignments-cj-zhang/servers/gateway/indexes/trie.go:130.8,130.24 1 1
assignments-cj-zhang/servers/gateway/indexes/trie.go:130.24,132.3 1 1
assignments-cj-zhang/servers/gateway/indexes/trie.go:132.8,132.39 1 1
assignments-cj-zhang/servers/gateway/indexes/trie.go:132.39,135.3 2 1
