mode: set
assignments-cj-zhang/servers/gateway/models/users/user.go:54.37,63.16 2 1
assignments-cj-zhang/servers/gateway/models/users/user.go:66.2,66.26 1 1
assignments-cj-zhang/servers/gateway/models/users/user.go:76.2,76.12 1 1
assignments-cj-zhang/servers/gateway/models/users/user.go:63.16,65.3 1 1
assignments-cj-zhang/servers/gateway/models/users/user.go:66.26,68.3 1 1
assignments-cj-zhang/servers/gateway/models/users/user.go:68.8,68.43 1 1
assignments-cj-zhang/servers/gateway/models/users/user.go:68.43,70.3 1 1
assignments-cj-zhang/servers/gateway/models/users/user.go:70.8,70.34 1 1
assignments-cj-zhang/servers/gateway/models/users/user.go:70.34,72.3 1 1
assignments-cj-zhang/servers/gateway/models/users/user.go:72.8,72.47 1 1
assignments-cj-zhang/servers/gateway/models/users/user.go:72.47,74.3 1 1
assignments-cj-zhang/servers/gateway/models/users/user.go:81.44,97.16 2 1
assignments-cj-zhang/servers/gateway/models/users/user.go:100.2,113.20 6 1
assignments-cj-zhang/servers/gateway/models/users/user.go:97.16,99.3 1 0
assignments-cj-zhang/servers/gateway/models/users/user.go:121.34,123.51 1 1
assignments-cj-zhang/servers/gateway/models/users/user.go:123.51,125.3 1 1
assignments-cj-zhang/servers/gateway/models/users/user.go:125.8,125.58 1 1
assignments-cj-zhang/servers/gateway/models/users/user.go:125.58,127.3 1 1
assignments-cj-zhang/servers/gateway/models/users/user.go:127.8,129.3 1 1
assignments-cj-zhang/servers/gateway/models/users/user.go:133.51,137.16 2 1
assignments-cj-zhang/servers/gateway/models/users/user.go:140.2,141.12 2 1
assignments-cj-zhang/servers/gateway/models/users/user.go:137.16,139.3 1 0
assignments-cj-zhang/servers/gateway/models/users/user.go:146.52,151.16 2 1
assignments-cj-zhang/servers/gateway/models/users/user.go:154.2,154.12 1 1
assignments-cj-zhang/servers/gateway/models/users/user.go:151.16,153.3 1 1
assignments-cj-zhang/servers/gateway/models/users/user.go:159.53,162.20 1 1
assignments-cj-zhang/servers/gateway/models/users/user.go:165.2,167.12 3 1
assignments-cj-zhang/servers/gateway/models/users/user.go:162.20,164.3 1 1
assignments-cj-zhang/servers/gateway/models/users/mysqlstore.go:13.44,14.15 1 1
assignments-cj-zhang/servers/gateway/models/users/mysqlstore.go:19.2,19.12 1 0
assignments-cj-zhang/servers/gateway/models/users/mysqlstore.go:14.15,18.3 1 1
assignments-cj-zhang/servers/gateway/models/users/mysqlstore.go:23.59,26.2 1 1
assignments-cj-zhang/servers/gateway/models/users/mysqlstore.go:29.66,31.2 1 0
assignments-cj-zhang/servers/gateway/models/users/mysqlstore.go:34.72,36.2 1 0
assignments-cj-zhang/servers/gateway/models/users/mysqlstore.go:39.92,42.116 3 1
assignments-cj-zhang/servers/gateway/models/users/mysqlstore.go:46.2,46.15 1 1
assignments-cj-zhang/servers/gateway/models/users/mysqlstore.go:42.116,44.3 1 1
assignments-cj-zhang/servers/gateway/models/users/mysqlstore.go:51.60,54.16 3 1
assignments-cj-zhang/servers/gateway/models/users/mysqlstore.go:58.2,59.16 2 1
assignments-cj-zhang/servers/gateway/models/users/mysqlstore.go:63.2,64.18 2 1
assignments-cj-zhang/servers/gateway/models/users/mysqlstore.go:54.16,56.3 1 1
assignments-cj-zhang/servers/gateway/models/users/mysqlstore.go:59.16,61.3 1 0
assignments-cj-zhang/servers/gateway/models/users/mysqlstore.go:68.76,71.16 3 1
assignments-cj-zhang/servers/gateway/models/users/mysqlstore.go:75.2,75.26 1 0
assignments-cj-zhang/servers/gateway/models/users/mysqlstore.go:71.16,73.3 1 1
assignments-cj-zhang/servers/gateway/models/users/mysqlstore.go:79.49,82.16 3 1
assignments-cj-zhang/servers/gateway/models/users/mysqlstore.go:85.2,85.12 1 0
assignments-cj-zhang/servers/gateway/models/users/mysqlstore.go:82.16,84.3 1 1
